<?xml version="1.0" encoding="UTF-8"?>
<!-- Generated by org.testng.reporters.JUnitReportReporter -->
<testsuite skipped="0" hostname="DESKTOP-FTMI3JP" name="com.myproject.app.AppTest" tests="1" failures="0" timestamp="03 Apr 2020 12:21:43 GMT" time="0.011" errors="0">
  <testcase name="testApp" time="0.011" classname="com.myproject.app.AppTest"/>
</testsuite> <!-- com.myproject.app.AppTest -->
